[0m[[0m[0mdebug[0m] [0m[0m> Exec(run, Some(7c602b7f-a4e3-4d03-af98-8216e8f314d4), Some(CommandSource(console0)))[0m
[0m[[0m[0mdebug[0m] [0m[0mEvaluating tasks: Compile / run[0m
[0m[[0m[0mdebug[0m] [0m[0mRunning task... Cancel: Signal, check cycles: false, forcegc: true[0m
[0m[[0m[0minfo[0m] [0m[0mcompiling 1 Scala source to /home/vinny/Documentos/Jogo-Termo-em-Scala/target/scala-2.13/classes ...[0m
[0m[[0m[31merror[0m] [0m[0mjava.lang.NumberFormatException: For input string: "a"[0m
[0m[[0m[31merror[0m] [0m[0m	at java.base/java.lang.NumberFormatException.forInputString(NumberFormatException.java:67)[0m
[0m[[0m[31merror[0m] [0m[0m	at java.base/java.lang.Integer.parseInt(Integer.java:668)[0m
[0m[[0m[31merror[0m] [0m[0m	at java.base/java.lang.Integer.parseInt(Integer.java:784)[0m
[0m[[0m[31merror[0m] [0m[0m	at scala.io.StdIn.readInt(StdIn.scala:122)[0m
[0m[[0m[31merror[0m] [0m[0m	at scala.io.StdIn.readInt$(StdIn.scala:117)[0m
[0m[[0m[31merror[0m] [0m[0m	at scala.io.StdIn$.readInt(StdIn.scala:241)[0m
[0m[[0m[31merror[0m] [0m[0m	at Termo.Termo$.opcoesJogarTermo(termo.scala:328)[0m
[0m[[0m[31merror[0m] [0m[0m	at Termo.main$.main(main.scala:52)[0m
[0m[[0m[31merror[0m] [0m[0m	at Termo.main.main(main.scala)[0m
[0m[[0m[31merror[0m] [0m[0m	at java.base/jdk.internal.reflect.DirectMethodHandleAccessor.invoke(DirectMethodHandleAccessor.java:104)[0m
[0m[[0m[31merror[0m] [0m[0m	at java.base/java.lang.reflect.Method.invoke(Method.java:577)[0m
[0m[[0m[31merror[0m] [0m[0m	at sbt.Run.invokeMain(Run.scala:144)[0m
[0m[[0m[31merror[0m] [0m[0m	at sbt.Run.execute$1(Run.scala:94)[0m
[0m[[0m[31merror[0m] [0m[0m	at sbt.Run.$anonfun$runWithLoader$5(Run.scala:121)[0m
[0m[[0m[31merror[0m] [0m[0m	at sbt.Run$.executeSuccess(Run.scala:187)[0m
[0m[[0m[31merror[0m] [0m[0m	at sbt.Run.runWithLoader(Run.scala:121)[0m
[0m[[0m[31merror[0m] [0m[0m	at sbt.Defaults$.$anonfun$bgRunTask$6(Defaults.scala:1988)[0m
[0m[[0m[31merror[0m] [0m[0m	at sbt.Defaults$.$anonfun$termWrapper$2(Defaults.scala:1927)[0m
[0m[[0m[31merror[0m] [0m[0m	at scala.runtime.java8.JFunction0$mcV$sp.apply(JFunction0$mcV$sp.java:23)[0m
[0m[[0m[31merror[0m] [0m[0m	at scala.util.Try$.apply(Try.scala:213)[0m
[0m[[0m[31merror[0m] [0m[0m	at sbt.internal.BackgroundThreadPool$BackgroundRunnable.run(DefaultBackgroundJobService.scala:367)[0m
[0m[[0m[31merror[0m] [0m[0m	at java.base/java.util.concurrent.ThreadPoolExecutor.runWorker(ThreadPoolExecutor.java:1136)[0m
[0m[[0m[31merror[0m] [0m[0m	at java.base/java.util.concurrent.ThreadPoolExecutor$Worker.run(ThreadPoolExecutor.java:635)[0m
[0m[[0m[31merror[0m] [0m[0m	at java.base/java.lang.Thread.run(Thread.java:833)[0m
[0m[[0m[31merror[0m] [0m[0m(Compile / [31mrun[0m) java.lang.NumberFormatException: For input string: "a"[0m
[0m[[0m[31merror[0m] [0m[0mTotal time: 8 s, completed 2 de dez. de 2023 19:08:52[0m
[0m[[0m[0mdebug[0m] [0m[0m> Exec(shell, None, None)[0m
[0m[[0m[0minfo[0m] [0m[0mshutting down sbt server[0m
